15:29:58 [root] [INFO] Log system initialized. File saved to: logs/2026-02-11_15-29-58.log
15:30:44 [election] [INFO] [I'm Follower - (823676789, 172.20.10.8)] Election Manager starting
15:30:44 [election] [INFO] [I'm Follower - (823676789, 172.20.10.8)] UDP listener started on UDP:9003
15:30:46 [server.heartbeat] [INFO] server 823676789 current chatroom_list: {}
15:30:47 [server.heartbeat] [INFO] server 823676789 current chatroom_list: {}
15:30:47 [server.heartbeat] [INFO] server 823676789 current chatroom_list: {}
15:30:48 [server.heartbeat] [INFO] server 823676789 current chatroom_list: {}
15:30:49 [server.heartbeat] [INFO] server 823676789 current chatroom_list: {}
15:30:49 [server.heartbeat] [INFO] server 823676789 current chatroom_list: {}
15:30:50 [server.heartbeat] [INFO] server 823676789 current chatroom_list: {}
15:30:51 [server.heartbeat] [INFO] server 823676789 current chatroom_list: {}
15:30:52 [server.heartbeat] [INFO] server 823676789 current chatroom_list: {}
15:30:52 [server.heartbeat] [INFO] server 823676789 current chatroom_list: {}
15:30:53 [server.heartbeat] [INFO] server 823676789 current chatroom_list: {}
15:30:54 [server.heartbeat] [INFO] server 823676789 current chatroom_list: {}
15:30:54 [server.heartbeat] [INFO] server 823676789 current chatroom_list: {}
15:30:55 [server.heartbeat] [INFO] server 823676789 current chatroom_list: {}
15:30:56 [server.heartbeat] [INFO] server 823676789 current chatroom_list: {}
15:30:57 [server.heartbeat] [INFO] server 823676789 current chatroom_list: {}
15:30:57 [server.heartbeat] [INFO] server 823676789 current chatroom_list: {}
15:30:58 [server.heartbeat] [INFO] server 823676789 current chatroom_list: {}
15:30:59 [server.heartbeat] [INFO] server 823676789 current chatroom_list: {}
15:30:59 [server.heartbeat] [INFO] server 823676789 current chatroom_list: {}
15:31:00 [server.heartbeat] [INFO] server 823676789 current chatroom_list: {}
15:31:01 [server.heartbeat] [INFO] server 823676789 current chatroom_list: {}
15:31:02 [server.heartbeat] [INFO] server 823676789 current chatroom_list: {}
15:31:02 [server.heartbeat] [INFO] server 823676789 current chatroom_list: {}
15:31:03 [server.heartbeat] [INFO] server 823676789 current chatroom_list: {}
15:31:04 [server.heartbeat] [INFO] server 823676789 current chatroom_list: {}
15:31:04 [server.heartbeat] [INFO] server 823676789 current chatroom_list: {}
15:31:05 [server.heartbeat] [INFO] server 823676789 current chatroom_list: {}
15:31:06 [server.heartbeat] [INFO] server 823676789 current chatroom_list: {}
15:31:07 [server.heartbeat] [INFO] server 823676789 current chatroom_list: {}
15:31:07 [server.heartbeat] [INFO] server 823676789 current chatroom_list: {}
15:31:08 [server.heartbeat] [INFO] server 823676789 current chatroom_list: {}
15:31:09 [server.heartbeat] [INFO] server 823676789 current chatroom_list: {}
15:31:09 [server.heartbeat] [INFO] server 823676789 current chatroom_list: {}
15:31:10 [server.heartbeat] [INFO] server 823676789 current chatroom_list: {}
15:31:11 [server.heartbeat] [INFO] server 823676789 current chatroom_list: {}
15:31:12 [server.heartbeat] [INFO] server 823676789 current chatroom_list: {}
15:31:12 [server.heartbeat] [INFO] server 823676789 current chatroom_list: {}
15:31:13 [server.heartbeat] [INFO] server 823676789 current chatroom_list: {}
15:31:14 [server.heartbeat] [INFO] server 823676789 current chatroom_list: {}
15:31:14 [server.heartbeat] [INFO] server 823676789 current chatroom_list: {}
15:31:15 [server.heartbeat] [INFO] server 823676789 current chatroom_list: {}
15:31:16 [server.heartbeat] [ERROR] [I'm Follower - 823676789] Failed to send heartbeat to leader 774760264: [Errno 32] Broken pipe
15:31:21 [network_manager] [ERROR] No connection found for 774760264, cannot send message
